<?xml version="1.0" encoding="UTF-8"?>
<testsuite xmlns:xsi="http://www.w3.org/2001/XMLSchema-instance" xsi:noNamespaceSchemaLocation="https://maven.apache.org/surefire/maven-surefire-plugin/xsd/surefire-test-report.xsd" name="com.system.SystemApplicationTests" time="6.097" tests="1" errors="0" skipped="0" failures="0">
  <properties>
    <property name="sun.desktop" value="windows"/>
    <property name="awt.toolkit" value="sun.awt.windows.WToolkit"/>
    <property name="file.encoding.pkg" value="sun.io"/>
    <property name="java.specification.version" value="1.8"/>
    <property name="sun.cpu.isalist" value="amd64"/>
    <property name="sun.jnu.encoding" value="GBK"/>
    <property name="java.class.path" value="F:\development\workspace\IDEA_wordspace\subject-stsyem\target\test-classes;F:\development\workspace\IDEA_wordspace\subject-stsyem\target\classes;F:\development\repository\org\springframework\boot\spring-boot-starter-data-redis\2.1.5.RELEASE\spring-boot-starter-data-redis-2.1.5.RELEASE.jar;F:\development\repository\org\springframework\boot\spring-boot-starter\2.1.5.RELEASE\spring-boot-starter-2.1.5.RELEASE.jar;F:\development\repository\org\springframework\boot\spring-boot\2.1.5.RELEASE\spring-boot-2.1.5.RELEASE.jar;F:\development\repository\org\springframework\boot\spring-boot-starter-logging\2.1.5.RELEASE\spring-boot-starter-logging-2.1.5.RELEASE.jar;F:\development\repository\ch\qos\logback\logback-classic\1.2.3\logback-classic-1.2.3.jar;F:\development\repository\ch\qos\logback\logback-core\1.2.3\logback-core-1.2.3.jar;F:\development\repository\org\apache\logging\log4j\log4j-to-slf4j\2.11.2\log4j-to-slf4j-2.11.2.jar;F:\development\repository\org\apache\logging\log4j\log4j-api\2.11.2\log4j-api-2.11.2.jar;F:\development\repository\org\slf4j\jul-to-slf4j\1.7.26\jul-to-slf4j-1.7.26.jar;F:\development\repository\javax\annotation\javax.annotation-api\1.3.2\javax.annotation-api-1.3.2.jar;F:\development\repository\org\yaml\snakeyaml\1.23\snakeyaml-1.23.jar;F:\development\repository\org\springframework\data\spring-data-redis\2.1.8.RELEASE\spring-data-redis-2.1.8.RELEASE.jar;F:\development\repository\org\springframework\data\spring-data-keyvalue\2.1.8.RELEASE\spring-data-keyvalue-2.1.8.RELEASE.jar;F:\development\repository\org\springframework\data\spring-data-commons\2.1.8.RELEASE\spring-data-commons-2.1.8.RELEASE.jar;F:\development\repository\org\springframework\spring-tx\5.1.7.RELEASE\spring-tx-5.1.7.RELEASE.jar;F:\development\repository\org\springframework\spring-oxm\5.1.7.RELEASE\spring-oxm-5.1.7.RELEASE.jar;F:\development\repository\org\springframework\spring-aop\5.1.7.RELEASE\spring-aop-5.1.7.RELEASE.jar;F:\development\repository\org\springframework\spring-context-support\5.1.7.RELEASE\spring-context-support-5.1.7.RELEASE.jar;F:\development\repository\io\lettuce\lettuce-core\5.1.6.RELEASE\lettuce-core-5.1.6.RELEASE.jar;F:\development\repository\io\netty\netty-common\4.1.36.Final\netty-common-4.1.36.Final.jar;F:\development\repository\io\netty\netty-handler\4.1.36.Final\netty-handler-4.1.36.Final.jar;F:\development\repository\io\netty\netty-buffer\4.1.36.Final\netty-buffer-4.1.36.Final.jar;F:\development\repository\io\netty\netty-codec\4.1.36.Final\netty-codec-4.1.36.Final.jar;F:\development\repository\io\netty\netty-transport\4.1.36.Final\netty-transport-4.1.36.Final.jar;F:\development\repository\io\netty\netty-resolver\4.1.36.Final\netty-resolver-4.1.36.Final.jar;F:\development\repository\io\projectreactor\reactor-core\3.2.9.RELEASE\reactor-core-3.2.9.RELEASE.jar;F:\development\repository\org\reactivestreams\reactive-streams\1.0.2\reactive-streams-1.0.2.jar;F:\development\repository\org\springframework\boot\spring-boot-starter-web\2.1.5.RELEASE\spring-boot-starter-web-2.1.5.RELEASE.jar;F:\development\repository\org\springframework\boot\spring-boot-starter-json\2.1.5.RELEASE\spring-boot-starter-json-2.1.5.RELEASE.jar;F:\development\repository\com\fasterxml\jackson\core\jackson-databind\2.9.8\jackson-databind-2.9.8.jar;F:\development\repository\com\fasterxml\jackson\core\jackson-core\2.9.8\jackson-core-2.9.8.jar;F:\development\repository\com\fasterxml\jackson\datatype\jackson-datatype-jdk8\2.9.8\jackson-datatype-jdk8-2.9.8.jar;F:\development\repository\com\fasterxml\jackson\datatype\jackson-datatype-jsr310\2.9.8\jackson-datatype-jsr310-2.9.8.jar;F:\development\repository\com\fasterxml\jackson\module\jackson-module-parameter-names\2.9.8\jackson-module-parameter-names-2.9.8.jar;F:\development\repository\org\springframework\boot\spring-boot-starter-tomcat\2.1.5.RELEASE\spring-boot-starter-tomcat-2.1.5.RELEASE.jar;F:\development\repository\org\apache\tomcat\embed\tomcat-embed-core\9.0.19\tomcat-embed-core-9.0.19.jar;F:\development\repository\org\apache\tomcat\embed\tomcat-embed-el\9.0.19\tomcat-embed-el-9.0.19.jar;F:\development\repository\org\apache\tomcat\embed\tomcat-embed-websocket\9.0.19\tomcat-embed-websocket-9.0.19.jar;F:\development\repository\org\hibernate\validator\hibernate-validator\6.0.16.Final\hibernate-validator-6.0.16.Final.jar;F:\development\repository\javax\validation\validation-api\2.0.1.Final\validation-api-2.0.1.Final.jar;F:\development\repository\org\jboss\logging\jboss-logging\3.3.2.Final\jboss-logging-3.3.2.Final.jar;F:\development\repository\org\springframework\spring-web\5.1.7.RELEASE\spring-web-5.1.7.RELEASE.jar;F:\development\repository\org\springframework\spring-beans\5.1.7.RELEASE\spring-beans-5.1.7.RELEASE.jar;F:\development\repository\org\springframework\spring-webmvc\5.1.7.RELEASE\spring-webmvc-5.1.7.RELEASE.jar;F:\development\repository\org\springframework\spring-context\5.1.7.RELEASE\spring-context-5.1.7.RELEASE.jar;F:\development\repository\org\springframework\spring-expression\5.1.7.RELEASE\spring-expression-5.1.7.RELEASE.jar;F:\development\repository\mysql\mysql-connector-java\8.0.16\mysql-connector-java-8.0.16.jar;F:\development\repository\org\springframework\boot\spring-boot-starter-test\2.1.5.RELEASE\spring-boot-starter-test-2.1.5.RELEASE.jar;F:\development\repository\org\springframework\boot\spring-boot-test\2.1.5.RELEASE\spring-boot-test-2.1.5.RELEASE.jar;F:\development\repository\org\springframework\boot\spring-boot-test-autoconfigure\2.1.5.RELEASE\spring-boot-test-autoconfigure-2.1.5.RELEASE.jar;F:\development\repository\com\jayway\jsonpath\json-path\2.4.0\json-path-2.4.0.jar;F:\development\repository\net\minidev\json-smart\2.3\json-smart-2.3.jar;F:\development\repository\net\minidev\accessors-smart\1.2\accessors-smart-1.2.jar;F:\development\repository\org\ow2\asm\asm\5.0.4\asm-5.0.4.jar;F:\development\repository\junit\junit\4.12\junit-4.12.jar;F:\development\repository\org\assertj\assertj-core\3.11.1\assertj-core-3.11.1.jar;F:\development\repository\org\mockito\mockito-core\2.23.4\mockito-core-2.23.4.jar;F:\development\repository\net\bytebuddy\byte-buddy\1.9.12\byte-buddy-1.9.12.jar;F:\development\repository\net\bytebuddy\byte-buddy-agent\1.9.12\byte-buddy-agent-1.9.12.jar;F:\development\repository\org\objenesis\objenesis\2.6\objenesis-2.6.jar;F:\development\repository\org\hamcrest\hamcrest-core\1.3\hamcrest-core-1.3.jar;F:\development\repository\org\hamcrest\hamcrest-library\1.3\hamcrest-library-1.3.jar;F:\development\repository\org\skyscreamer\jsonassert\1.5.0\jsonassert-1.5.0.jar;F:\development\repository\com\vaadin\external\google\android-json\0.0.20131108.vaadin1\android-json-0.0.20131108.vaadin1.jar;F:\development\repository\org\springframework\spring-core\5.1.7.RELEASE\spring-core-5.1.7.RELEASE.jar;F:\development\repository\org\springframework\spring-jcl\5.1.7.RELEASE\spring-jcl-5.1.7.RELEASE.jar;F:\development\repository\org\springframework\spring-test\5.1.7.RELEASE\spring-test-5.1.7.RELEASE.jar;F:\development\repository\org\xmlunit\xmlunit-core\2.6.2\xmlunit-core-2.6.2.jar;F:\development\repository\org\mybatis\spring\boot\mybatis-spring-boot-starter\1.3.2\mybatis-spring-boot-starter-1.3.2.jar;F:\development\repository\org\springframework\boot\spring-boot-starter-jdbc\2.1.5.RELEASE\spring-boot-starter-jdbc-2.1.5.RELEASE.jar;F:\development\repository\com\zaxxer\HikariCP\3.2.0\HikariCP-3.2.0.jar;F:\development\repository\org\springframework\spring-jdbc\5.1.7.RELEASE\spring-jdbc-5.1.7.RELEASE.jar;F:\development\repository\org\mybatis\spring\boot\mybatis-spring-boot-autoconfigure\1.3.2\mybatis-spring-boot-autoconfigure-1.3.2.jar;F:\development\repository\org\mybatis\mybatis\3.4.6\mybatis-3.4.6.jar;F:\development\repository\org\mybatis\mybatis-spring\1.3.2\mybatis-spring-1.3.2.jar;F:\development\repository\com\alibaba\druid-spring-boot-starter\1.1.9\druid-spring-boot-starter-1.1.9.jar;F:\development\repository\com\alibaba\druid\1.1.9\druid-1.1.9.jar;F:\development\repository\org\slf4j\slf4j-api\1.7.26\slf4j-api-1.7.26.jar;F:\development\repository\org\springframework\boot\spring-boot-autoconfigure\2.1.5.RELEASE\spring-boot-autoconfigure-2.1.5.RELEASE.jar;F:\development\repository\org\mybatis\generator\mybatis-generator-core\1.3.2\mybatis-generator-core-1.3.2.jar;F:\development\repository\com\alibaba\fastjson\1.2.58\fastjson-1.2.58.jar;F:\development\repository\com\github\pagehelper\pagehelper-spring-boot-starter\1.2.5\pagehelper-spring-boot-starter-1.2.5.jar;F:\development\repository\com\github\pagehelper\pagehelper-spring-boot-autoconfigure\1.2.5\pagehelper-spring-boot-autoconfigure-1.2.5.jar;F:\development\repository\com\github\pagehelper\pagehelper\5.1.4\pagehelper-5.1.4.jar;F:\development\repository\com\github\jsqlparser\jsqlparser\1.0\jsqlparser-1.0.jar;F:\development\repository\org\apache\velocity\velocity-engine-core\2.0\velocity-engine-core-2.0.jar;F:\development\repository\io\springfox\springfox-swagger2\2.7.0\springfox-swagger2-2.7.0.jar;F:\development\repository\io\swagger\swagger-annotations\1.5.13\swagger-annotations-1.5.13.jar;F:\development\repository\io\swagger\swagger-models\1.5.13\swagger-models-1.5.13.jar;F:\development\repository\com\fasterxml\jackson\core\jackson-annotations\2.9.0\jackson-annotations-2.9.0.jar;F:\development\repository\io\springfox\springfox-spi\2.7.0\springfox-spi-2.7.0.jar;F:\development\repository\io\springfox\springfox-core\2.7.0\springfox-core-2.7.0.jar;F:\development\repository\io\springfox\springfox-schema\2.7.0\springfox-schema-2.7.0.jar;F:\development\repository\io\springfox\springfox-swagger-common\2.7.0\springfox-swagger-common-2.7.0.jar;F:\development\repository\io\springfox\springfox-spring-web\2.7.0\springfox-spring-web-2.7.0.jar;F:\development\repository\org\reflections\reflections\0.9.11\reflections-0.9.11.jar;F:\development\repository\org\javassist\javassist\3.21.0-GA\javassist-3.21.0-GA.jar;F:\development\repository\com\google\guava\guava\18.0\guava-18.0.jar;F:\development\repository\com\fasterxml\classmate\1.4.0\classmate-1.4.0.jar;F:\development\repository\org\springframework\plugin\spring-plugin-core\1.2.0.RELEASE\spring-plugin-core-1.2.0.RELEASE.jar;F:\development\repository\org\springframework\plugin\spring-plugin-metadata\1.2.0.RELEASE\spring-plugin-metadata-1.2.0.RELEASE.jar;F:\development\repository\org\mapstruct\mapstruct\1.1.0.Final\mapstruct-1.1.0.Final.jar;F:\development\repository\io\springfox\springfox-swagger-ui\2.7.0\springfox-swagger-ui-2.7.0.jar;F:\development\repository\org\mybatis\mybatis-typehandlers-jsr310\1.0.2\mybatis-typehandlers-jsr310-1.0.2.jar;F:\development\repository\org\apache\shiro\shiro-core\1.3.2\shiro-core-1.3.2.jar;F:\development\repository\commons-beanutils\commons-beanutils\1.8.3\commons-beanutils-1.8.3.jar;F:\development\repository\org\apache\shiro\shiro-spring\1.3.2\shiro-spring-1.3.2.jar;F:\development\repository\org\apache\shiro\shiro-web\1.3.2\shiro-web-1.3.2.jar;F:\development\repository\org\apache\commons\commons-lang3\3.8.1\commons-lang3-3.8.1.jar;F:\development\repository\fastdfs_client\fastdfs_client\1.25\fastdfs_client-1.25.jar;F:\development\repository\net\coobird\thumbnailator\0.4.8\thumbnailator-0.4.8.jar;"/>
    <property name="java.vm.vendor" value="Oracle Corporation"/>
    <property name="sun.arch.data.model" value="64"/>
    <property name="user.variant" value=""/>
    <property name="java.vendor.url" value="http://java.oracle.com/"/>
    <property name="user.timezone" value="Asia/Shanghai"/>
    <property name="java.vm.specification.version" value="1.8"/>
    <property name="os.name" value="Windows 10"/>
    <property name="user.country" value="CN"/>
    <property name="sun.java.launcher" value="SUN_STANDARD"/>
    <property name="sun.boot.library.path" value="F:\development\JDK\jdk1.8.0_162\jre\bin"/>
    <property name="sun.java.command" value="C:\Users\jiaju\AppData\Local\Temp\surefire7885256296754886893\surefirebooter773882075385133860.jar C:\Users\jiaju\AppData\Local\Temp\surefire7885256296754886893 2019-06-25T18-09-44_468-jvmRun1 surefire1330986017606749449tmp surefire_0837372970301306290tmp"/>
    <property name="surefire.test.class.path" value="F:\development\workspace\IDEA_wordspace\subject-stsyem\target\test-classes;F:\development\workspace\IDEA_wordspace\subject-stsyem\target\classes;F:\development\repository\org\springframework\boot\spring-boot-starter-data-redis\2.1.5.RELEASE\spring-boot-starter-data-redis-2.1.5.RELEASE.jar;F:\development\repository\org\springframework\boot\spring-boot-starter\2.1.5.RELEASE\spring-boot-starter-2.1.5.RELEASE.jar;F:\development\repository\org\springframework\boot\spring-boot\2.1.5.RELEASE\spring-boot-2.1.5.RELEASE.jar;F:\development\repository\org\springframework\boot\spring-boot-starter-logging\2.1.5.RELEASE\spring-boot-starter-logging-2.1.5.RELEASE.jar;F:\development\repository\ch\qos\logback\logback-classic\1.2.3\logback-classic-1.2.3.jar;F:\development\repository\ch\qos\logback\logback-core\1.2.3\logback-core-1.2.3.jar;F:\development\repository\org\apache\logging\log4j\log4j-to-slf4j\2.11.2\log4j-to-slf4j-2.11.2.jar;F:\development\repository\org\apache\logging\log4j\log4j-api\2.11.2\log4j-api-2.11.2.jar;F:\development\repository\org\slf4j\jul-to-slf4j\1.7.26\jul-to-slf4j-1.7.26.jar;F:\development\repository\javax\annotation\javax.annotation-api\1.3.2\javax.annotation-api-1.3.2.jar;F:\development\repository\org\yaml\snakeyaml\1.23\snakeyaml-1.23.jar;F:\development\repository\org\springframework\data\spring-data-redis\2.1.8.RELEASE\spring-data-redis-2.1.8.RELEASE.jar;F:\development\repository\org\springframework\data\spring-data-keyvalue\2.1.8.RELEASE\spring-data-keyvalue-2.1.8.RELEASE.jar;F:\development\repository\org\springframework\data\spring-data-commons\2.1.8.RELEASE\spring-data-commons-2.1.8.RELEASE.jar;F:\development\repository\org\springframework\spring-tx\5.1.7.RELEASE\spring-tx-5.1.7.RELEASE.jar;F:\development\repository\org\springframework\spring-oxm\5.1.7.RELEASE\spring-oxm-5.1.7.RELEASE.jar;F:\development\repository\org\springframework\spring-aop\5.1.7.RELEASE\spring-aop-5.1.7.RELEASE.jar;F:\development\repository\org\springframework\spring-context-support\5.1.7.RELEASE\spring-context-support-5.1.7.RELEASE.jar;F:\development\repository\io\lettuce\lettuce-core\5.1.6.RELEASE\lettuce-core-5.1.6.RELEASE.jar;F:\development\repository\io\netty\netty-common\4.1.36.Final\netty-common-4.1.36.Final.jar;F:\development\repository\io\netty\netty-handler\4.1.36.Final\netty-handler-4.1.36.Final.jar;F:\development\repository\io\netty\netty-buffer\4.1.36.Final\netty-buffer-4.1.36.Final.jar;F:\development\repository\io\netty\netty-codec\4.1.36.Final\netty-codec-4.1.36.Final.jar;F:\development\repository\io\netty\netty-transport\4.1.36.Final\netty-transport-4.1.36.Final.jar;F:\development\repository\io\netty\netty-resolver\4.1.36.Final\netty-resolver-4.1.36.Final.jar;F:\development\repository\io\projectreactor\reactor-core\3.2.9.RELEASE\reactor-core-3.2.9.RELEASE.jar;F:\development\repository\org\reactivestreams\reactive-streams\1.0.2\reactive-streams-1.0.2.jar;F:\development\repository\org\springframework\boot\spring-boot-starter-web\2.1.5.RELEASE\spring-boot-starter-web-2.1.5.RELEASE.jar;F:\development\repository\org\springframework\boot\spring-boot-starter-json\2.1.5.RELEASE\spring-boot-starter-json-2.1.5.RELEASE.jar;F:\development\repository\com\fasterxml\jackson\core\jackson-databind\2.9.8\jackson-databind-2.9.8.jar;F:\development\repository\com\fasterxml\jackson\core\jackson-core\2.9.8\jackson-core-2.9.8.jar;F:\development\repository\com\fasterxml\jackson\datatype\jackson-datatype-jdk8\2.9.8\jackson-datatype-jdk8-2.9.8.jar;F:\development\repository\com\fasterxml\jackson\datatype\jackson-datatype-jsr310\2.9.8\jackson-datatype-jsr310-2.9.8.jar;F:\development\repository\com\fasterxml\jackson\module\jackson-module-parameter-names\2.9.8\jackson-module-parameter-names-2.9.8.jar;F:\development\repository\org\springframework\boot\spring-boot-starter-tomcat\2.1.5.RELEASE\spring-boot-starter-tomcat-2.1.5.RELEASE.jar;F:\development\repository\org\apache\tomcat\embed\tomcat-embed-core\9.0.19\tomcat-embed-core-9.0.19.jar;F:\development\repository\org\apache\tomcat\embed\tomcat-embed-el\9.0.19\tomcat-embed-el-9.0.19.jar;F:\development\repository\org\apache\tomcat\embed\tomcat-embed-websocket\9.0.19\tomcat-embed-websocket-9.0.19.jar;F:\development\repository\org\hibernate\validator\hibernate-validator\6.0.16.Final\hibernate-validator-6.0.16.Final.jar;F:\development\repository\javax\validation\validation-api\2.0.1.Final\validation-api-2.0.1.Final.jar;F:\development\repository\org\jboss\logging\jboss-logging\3.3.2.Final\jboss-logging-3.3.2.Final.jar;F:\development\repository\org\springframework\spring-web\5.1.7.RELEASE\spring-web-5.1.7.RELEASE.jar;F:\development\repository\org\springframework\spring-beans\5.1.7.RELEASE\spring-beans-5.1.7.RELEASE.jar;F:\development\repository\org\springframework\spring-webmvc\5.1.7.RELEASE\spring-webmvc-5.1.7.RELEASE.jar;F:\development\repository\org\springframework\spring-context\5.1.7.RELEASE\spring-context-5.1.7.RELEASE.jar;F:\development\repository\org\springframework\spring-expression\5.1.7.RELEASE\spring-expression-5.1.7.RELEASE.jar;F:\development\repository\mysql\mysql-connector-java\8.0.16\mysql-connector-java-8.0.16.jar;F:\development\repository\org\springframework\boot\spring-boot-starter-test\2.1.5.RELEASE\spring-boot-starter-test-2.1.5.RELEASE.jar;F:\development\repository\org\springframework\boot\spring-boot-test\2.1.5.RELEASE\spring-boot-test-2.1.5.RELEASE.jar;F:\development\repository\org\springframework\boot\spring-boot-test-autoconfigure\2.1.5.RELEASE\spring-boot-test-autoconfigure-2.1.5.RELEASE.jar;F:\development\repository\com\jayway\jsonpath\json-path\2.4.0\json-path-2.4.0.jar;F:\development\repository\net\minidev\json-smart\2.3\json-smart-2.3.jar;F:\development\repository\net\minidev\accessors-smart\1.2\accessors-smart-1.2.jar;F:\development\repository\org\ow2\asm\asm\5.0.4\asm-5.0.4.jar;F:\development\repository\junit\junit\4.12\junit-4.12.jar;F:\development\repository\org\assertj\assertj-core\3.11.1\assertj-core-3.11.1.jar;F:\development\repository\org\mockito\mockito-core\2.23.4\mockito-core-2.23.4.jar;F:\development\repository\net\bytebuddy\byte-buddy\1.9.12\byte-buddy-1.9.12.jar;F:\development\repository\net\bytebuddy\byte-buddy-agent\1.9.12\byte-buddy-agent-1.9.12.jar;F:\development\repository\org\objenesis\objenesis\2.6\objenesis-2.6.jar;F:\development\repository\org\hamcrest\hamcrest-core\1.3\hamcrest-core-1.3.jar;F:\development\repository\org\hamcrest\hamcrest-library\1.3\hamcrest-library-1.3.jar;F:\development\repository\org\skyscreamer\jsonassert\1.5.0\jsonassert-1.5.0.jar;F:\development\repository\com\vaadin\external\google\android-json\0.0.20131108.vaadin1\android-json-0.0.20131108.vaadin1.jar;F:\development\repository\org\springframework\spring-core\5.1.7.RELEASE\spring-core-5.1.7.RELEASE.jar;F:\development\repository\org\springframework\spring-jcl\5.1.7.RELEASE\spring-jcl-5.1.7.RELEASE.jar;F:\development\repository\org\springframework\spring-test\5.1.7.RELEASE\spring-test-5.1.7.RELEASE.jar;F:\development\repository\org\xmlunit\xmlunit-core\2.6.2\xmlunit-core-2.6.2.jar;F:\development\repository\org\mybatis\spring\boot\mybatis-spring-boot-starter\1.3.2\mybatis-spring-boot-starter-1.3.2.jar;F:\development\repository\org\springframework\boot\spring-boot-starter-jdbc\2.1.5.RELEASE\spring-boot-starter-jdbc-2.1.5.RELEASE.jar;F:\development\repository\com\zaxxer\HikariCP\3.2.0\HikariCP-3.2.0.jar;F:\development\repository\org\springframework\spring-jdbc\5.1.7.RELEASE\spring-jdbc-5.1.7.RELEASE.jar;F:\development\repository\org\mybatis\spring\boot\mybatis-spring-boot-autoconfigure\1.3.2\mybatis-spring-boot-autoconfigure-1.3.2.jar;F:\development\repository\org\mybatis\mybatis\3.4.6\mybatis-3.4.6.jar;F:\development\repository\org\mybatis\mybatis-spring\1.3.2\mybatis-spring-1.3.2.jar;F:\development\repository\com\alibaba\druid-spring-boot-starter\1.1.9\druid-spring-boot-starter-1.1.9.jar;F:\development\repository\com\alibaba\druid\1.1.9\druid-1.1.9.jar;F:\development\repository\org\slf4j\slf4j-api\1.7.26\slf4j-api-1.7.26.jar;F:\development\repository\org\springframework\boot\spring-boot-autoconfigure\2.1.5.RELEASE\spring-boot-autoconfigure-2.1.5.RELEASE.jar;F:\development\repository\org\mybatis\generator\mybatis-generator-core\1.3.2\mybatis-generator-core-1.3.2.jar;F:\development\repository\com\alibaba\fastjson\1.2.58\fastjson-1.2.58.jar;F:\development\repository\com\github\pagehelper\pagehelper-spring-boot-starter\1.2.5\pagehelper-spring-boot-starter-1.2.5.jar;F:\development\repository\com\github\pagehelper\pagehelper-spring-boot-autoconfigure\1.2.5\pagehelper-spring-boot-autoconfigure-1.2.5.jar;F:\development\repository\com\github\pagehelper\pagehelper\5.1.4\pagehelper-5.1.4.jar;F:\development\repository\com\github\jsqlparser\jsqlparser\1.0\jsqlparser-1.0.jar;F:\development\repository\org\apache\velocity\velocity-engine-core\2.0\velocity-engine-core-2.0.jar;F:\development\repository\io\springfox\springfox-swagger2\2.7.0\springfox-swagger2-2.7.0.jar;F:\development\repository\io\swagger\swagger-annotations\1.5.13\swagger-annotations-1.5.13.jar;F:\development\repository\io\swagger\swagger-models\1.5.13\swagger-models-1.5.13.jar;F:\development\repository\com\fasterxml\jackson\core\jackson-annotations\2.9.0\jackson-annotations-2.9.0.jar;F:\development\repository\io\springfox\springfox-spi\2.7.0\springfox-spi-2.7.0.jar;F:\development\repository\io\springfox\springfox-core\2.7.0\springfox-core-2.7.0.jar;F:\development\repository\io\springfox\springfox-schema\2.7.0\springfox-schema-2.7.0.jar;F:\development\repository\io\springfox\springfox-swagger-common\2.7.0\springfox-swagger-common-2.7.0.jar;F:\development\repository\io\springfox\springfox-spring-web\2.7.0\springfox-spring-web-2.7.0.jar;F:\development\repository\org\reflections\reflections\0.9.11\reflections-0.9.11.jar;F:\development\repository\org\javassist\javassist\3.21.0-GA\javassist-3.21.0-GA.jar;F:\development\repository\com\google\guava\guava\18.0\guava-18.0.jar;F:\development\repository\com\fasterxml\classmate\1.4.0\classmate-1.4.0.jar;F:\development\repository\org\springframework\plugin\spring-plugin-core\1.2.0.RELEASE\spring-plugin-core-1.2.0.RELEASE.jar;F:\development\repository\org\springframework\plugin\spring-plugin-metadata\1.2.0.RELEASE\spring-plugin-metadata-1.2.0.RELEASE.jar;F:\development\repository\org\mapstruct\mapstruct\1.1.0.Final\mapstruct-1.1.0.Final.jar;F:\development\repository\io\springfox\springfox-swagger-ui\2.7.0\springfox-swagger-ui-2.7.0.jar;F:\development\repository\org\mybatis\mybatis-typehandlers-jsr310\1.0.2\mybatis-typehandlers-jsr310-1.0.2.jar;F:\development\repository\org\apache\shiro\shiro-core\1.3.2\shiro-core-1.3.2.jar;F:\development\repository\commons-beanutils\commons-beanutils\1.8.3\commons-beanutils-1.8.3.jar;F:\development\repository\org\apache\shiro\shiro-spring\1.3.2\shiro-spring-1.3.2.jar;F:\development\repository\org\apache\shiro\shiro-web\1.3.2\shiro-web-1.3.2.jar;F:\development\repository\org\apache\commons\commons-lang3\3.8.1\commons-lang3-3.8.1.jar;F:\development\repository\fastdfs_client\fastdfs_client\1.25\fastdfs_client-1.25.jar;F:\development\repository\net\coobird\thumbnailator\0.4.8\thumbnailator-0.4.8.jar;"/>
    <property name="sun.cpu.endian" value="little"/>
    <property name="user.home" value="C:\Users\jiaju"/>
    <property name="user.language" value="zh"/>
    <property name="java.specification.vendor" value="Oracle Corporation"/>
    <property name="java.home" value="F:\development\JDK\jdk1.8.0_162\jre"/>
    <property name="basedir" value="F:\development\workspace\IDEA_wordspace\subject-stsyem"/>
    <property name="file.separator" value="\"/>
    <property name="line.separator" value="&#10;"/>
    <property name="java.vm.specification.vendor" value="Oracle Corporation"/>
    <property name="java.specification.name" value="Java Platform API Specification"/>
    <property name="java.awt.graphicsenv" value="sun.awt.Win32GraphicsEnvironment"/>
    <property name="surefire.real.class.path" value="C:\Users\jiaju\AppData\Local\Temp\surefire7885256296754886893\surefirebooter773882075385133860.jar"/>
    <property name="sun.boot.class.path" value="F:\development\JDK\jdk1.8.0_162\jre\lib\resources.jar;F:\development\JDK\jdk1.8.0_162\jre\lib\rt.jar;F:\development\JDK\jdk1.8.0_162\jre\lib\sunrsasign.jar;F:\development\JDK\jdk1.8.0_162\jre\lib\jsse.jar;F:\development\JDK\jdk1.8.0_162\jre\lib\jce.jar;F:\development\JDK\jdk1.8.0_162\jre\lib\charsets.jar;F:\development\JDK\jdk1.8.0_162\jre\lib\jfr.jar;F:\development\JDK\jdk1.8.0_162\jre\classes"/>
    <property name="user.script" value=""/>
    <property name="sun.management.compiler" value="HotSpot 64-Bit Tiered Compilers"/>
    <property name="java.runtime.version" value="1.8.0_162-b12"/>
    <property name="user.name" value="123456"/>
    <property name="path.separator" value=";"/>
    <property name="os.version" value="10.0"/>
    <property name="java.endorsed.dirs" value="F:\development\JDK\jdk1.8.0_162\jre\lib\endorsed"/>
    <property name="java.runtime.name" value="Java(TM) SE Runtime Environment"/>
    <property name="file.encoding" value="GBK"/>
    <property name="java.vm.name" value="Java HotSpot(TM) 64-Bit Server VM"/>
    <property name="localRepository" value="F:\development\repository"/>
    <property name="java.vendor.url.bug" value="http://bugreport.sun.com/bugreport/"/>
    <property name="java.io.tmpdir" value="C:\Users\jiaju\AppData\Local\Temp\"/>
    <property name="java.version" value="1.8.0_162"/>
    <property name="user.dir" value="F:\development\workspace\IDEA_wordspace\subject-stsyem"/>
    <property name="os.arch" value="amd64"/>
    <property name="java.vm.specification.name" value="Java Virtual Machine Specification"/>
    <property name="java.awt.printerjob" value="sun.awt.windows.WPrinterJob"/>
    <property name="idea.version2019.1.2" value="true"/>
    <property name="sun.os.patch.level" value=""/>
    <property name="java.library.path" value="F:\development\JDK\jdk1.8.0_162\jre\bin;C:\WINDOWS\Sun\Java\bin;C:\WINDOWS\system32;C:\WINDOWS;C:\WINDOWS\system32;C:\WINDOWS;C:\WINDOWS\System32\Wbem;C:\WINDOWS\System32\WindowsPowerShell\v1.0\;c:\Program Files (x86)\ATI Technologies\ATI.ACE\Core-Static;C:\WINDOWS\System32\OpenSSH\;D:\install\TortoiseSVN\bin;D:\install\sacla\bin;C:\WINDOWS\system32;C:\WINDOWS;C:\WINDOWS\System32\Wbem;C:\WINDOWS\System32\WindowsPowerShell\v1.0\;c:\Program Files (x86)\ATI Technologies\ATI.ACE\Core-Static;C:\WINDOWS\System32\OpenSSH\;D:\install\TortoiseSVN\bin;D:\install\sacla\bin;F:\development\JDK\jdk1.8.0_162\bin;F:\development\apache-maven-3.5.2\bin;F:\development\node-v8.11.2-win-x64;D:\install\OpenSSL-Win32\bin;%SVN_HOME%;%GIT_HOME\bin%;D:\install\scala\bin;C:\usr\hadoop\bin;C:\usr\spark-1.6.0-bin-hadoop2.6;F:\development\Anaconda3\envs\python-2.7;F:\development\Anaconda3\envs\python-2.7\Scripts;F:\development\Anaconda3;F:\development\Anaconda3\Scripts;;."/>
    <property name="java.vm.info" value="mixed mode"/>
    <property name="java.vendor" value="Oracle Corporation"/>
    <property name="java.vm.version" value="25.162-b12"/>
    <property name="java.ext.dirs" value="F:\development\JDK\jdk1.8.0_162\jre\lib\ext;C:\WINDOWS\Sun\Java\lib\ext"/>
    <property name="sun.io.unicode.encoding" value="UnicodeLittle"/>
    <property name="java.class.version" value="52.0"/>
  </properties>
  <testcase name="contextLoads" classname="com.system.SystemApplicationTests" time="0.169"/>
</testsuite>